#
# There is insufficient memory for the Java Runtime Environment to continue.
# Native memory allocation (mmap) failed to map 268435456 bytes for Failed to commit area from 0x0000000701e00000 to 0x0000000711e00000 of length 268435456.
# Possible reasons:
#   The system is out of physical RAM or swap space
#   The process is running with CompressedOops enabled, and the Java Heap may be blocking the growth of the native heap
# Possible solutions:
#   Reduce memory load on the system
#   Increase physical memory or swap space
#   Check if swap backing store is full
#   Decrease Java heap size (-Xmx/-Xms)
#   Decrease number of Java threads
#   Decrease Java thread stack sizes (-Xss)
#   Set larger code cache with -XX:ReservedCodeCacheSize=
# This output file may be truncated or incomplete.
#
#  Out of Memory Error (./open/src/hotspot/os/windows/os_windows.cpp:3275), pid=18936, tid=12184
#
# JRE version:  (11.0.8+10) (build )
# Java VM: Java HotSpot(TM) 64-Bit Server VM (11.0.8+10-LTS, mixed mode, sharing, tiered, compressed oops, g1 gc, windows-amd64)
# No core dump will be written. Minidumps are not enabled by default on client versions of Windows
#

---------------  S U M M A R Y ------------

Command Line: Fat32System

Host: Intel(R) Core(TM) i7-7700HQ CPU @ 2.80GHz, 8 cores, 15G,  Windows 10 , 64 bit Build 19041 (10.0.19041.1706)
Time: Tue May 17 21:49:00 2022 Eastern Daylight Time elapsed time: 0 seconds (0d 0h 0m 0s)

---------------  T H R E A D  ---------------

Current thread (0x0000018fdd866000):  JavaThread "Unknown thread" [_thread_in_vm, id=12184, stack(0x00000028f0d00000,0x00000028f0e00000)]

Stack: [0x00000028f0d00000,0x00000028f0e00000]
Native frames: (J=compiled Java code, j=interpreted, Vv=VM code, C=native code)
V  [jvm.dll+0x601aea]
V  [jvm.dll+0x737fef]
V  [jvm.dll+0x739675]
V  [jvm.dll+0x739cf3]
V  [jvm.dll+0x242848]
V  [jvm.dll+0x5fef8a]
V  [jvm.dll+0x5f3eb5]
V  [jvm.dll+0x2f651c]
V  [jvm.dll+0x2f63a2]
V  [jvm.dll+0x2fb056]
V  [jvm.dll+0x33ce9f]
V  [jvm.dll+0x33c8d0]
V  [jvm.dll+0x2d4768]
V  [jvm.dll+0x2d58c6]
V  [jvm.dll+0x713e67]
V  [jvm.dll+0x71570f]
V  [jvm.dll+0x349c19]
V  [jvm.dll+0x6f97f0]
V  [jvm.dll+0x3b2a5f]
V  [jvm.dll+0x3b4e81]
C  [jli.dll+0x5213]
C  [ucrtbase.dll+0x21bb2]
C  [KERNEL32.DLL+0x17034]
C  [ntdll.dll+0x52651]


---------------  P R O C E S S  ---------------

Threads class SMR info:
_java_thread_list=0x0000018fdd74f100, length=0, elements={
}

Java Threads: ( => current thread )

Other Threads:
  0x0000018fdd87b800 GCTaskThread "GC Thread#0" [stack: 0x00000028f0e00000,0x00000028f0f00000] [id=17704]
  0x0000018fdd8d8000 ConcurrentGCThread "G1 Main Marker" [stack: 0x00000028f0f00000,0x00000028f1000000] [id=5232]
  0x0000018fdd8da800 ConcurrentGCThread "G1 Conc#0" [stack: 0x00000028f1000000,0x00000028f1100000] [id=4676]

[error occurred during error reporting (printing all threads), id 0xc0000005, EXCEPTION_ACCESS_VIOLATION (0xc0000005) at pc=0x00007ff8dcf72f67]

VM state:not at safepoint (not fully initialized)

VM Mutex/Monitor currently owned by a thread:  ([mutex/lock_event])
[0x0000018fdd862140] Heap_lock - owner thread: 0x0000018fdd866000

Heap address: 0x0000000701e00000, size: 4066 MB, Compressed Oops mode: Non-zero based: 0x0000000701e00000
Narrow klass base: 0x0000000000000000, Narrow klass shift: 0

GC Heap History (0 events):
No events

Deoptimization events (0 events):
No events

Classes redefined (0 events):
No events

Internal exceptions (0 events):
No events

Events (0 events):
No events


Dynamic libraries:
0x00007ff77a260000 - 0x00007ff77a26f000 	C:\Program Files\Java\jdk-11.0.8\bin\java.exe
0x00007ff9202d0000 - 0x00007ff9204c5000 	C:\WINDOWS\SYSTEM32\ntdll.dll
0x00007ff91e9d0000 - 0x00007ff91ea8d000 	C:\WINDOWS\System32\KERNEL32.DLL
0x00007ff91d9e0000 - 0x00007ff91dcad000 	C:\WINDOWS\System32\KERNELBASE.dll
0x00007ff91dcb0000 - 0x00007ff91ddb0000 	C:\WINDOWS\System32\ucrtbase.dll
0x00007ff919150000 - 0x00007ff919165000 	C:\Program Files\Java\jdk-11.0.8\bin\VCRUNTIME140.dll
0x00007ff916ea0000 - 0x00007ff916eb8000 	C:\Program Files\Java\jdk-11.0.8\bin\jli.dll
0x00007ff91f970000 - 0x00007ff91fa1e000 	C:\WINDOWS\System32\ADVAPI32.dll
0x00007ff91e4f0000 - 0x00007ff91e58e000 	C:\WINDOWS\System32\msvcrt.dll
0x00007ff91e590000 - 0x00007ff91e62c000 	C:\WINDOWS\System32\sechost.dll
0x00007ff91e810000 - 0x00007ff91e935000 	C:\WINDOWS\System32\RPCRT4.dll
0x00007ff91e330000 - 0x00007ff91e4d0000 	C:\WINDOWS\System32\USER32.dll
0x00007ff91de20000 - 0x00007ff91de42000 	C:\WINDOWS\System32\win32u.dll
0x00007ff91efb0000 - 0x00007ff91efda000 	C:\WINDOWS\System32\GDI32.dll
0x00007ff90ab60000 - 0x00007ff90adfa000 	C:\WINDOWS\WinSxS\amd64_microsoft.windows.common-controls_6595b64144ccf1df_6.0.19041.1110_none_60b5254171f9507e\COMCTL32.dll
0x00007ff91dfd0000 - 0x00007ff91e0db000 	C:\WINDOWS\System32\gdi32full.dll
0x00007ff91de50000 - 0x00007ff91deed000 	C:\WINDOWS\System32\msvcp_win.dll
0x00007ff913790000 - 0x00007ff91379a000 	C:\WINDOWS\SYSTEM32\VERSION.dll
0x00007ff91e9a0000 - 0x00007ff91e9d0000 	C:\WINDOWS\System32\IMM32.DLL
0x00007ff9143c0000 - 0x00007ff91445b000 	C:\Program Files\Java\jdk-11.0.8\bin\msvcp140.dll
0x00007ff8dcc90000 - 0x00007ff8dd776000 	C:\Program Files\Java\jdk-11.0.8\bin\server\jvm.dll
0x00007ff91e320000 - 0x00007ff91e328000 	C:\WINDOWS\System32\PSAPI.DLL
0x00007ff914830000 - 0x00007ff914839000 	C:\WINDOWS\SYSTEM32\WSOCK32.dll
0x00007ff90b980000 - 0x00007ff90b9a7000 	C:\WINDOWS\SYSTEM32\WINMM.dll
0x00007ff91f240000 - 0x00007ff91f2ab000 	C:\WINDOWS\System32\WS2_32.dll
0x00007ff91c230000 - 0x00007ff91c242000 	C:\WINDOWS\SYSTEM32\kernel.appcore.dll
0x00007ff91ad60000 - 0x00007ff91ad70000 	C:\Program Files\Java\jdk-11.0.8\bin\verify.dll
0x00007ff91c020000 - 0x00007ff91c204000 	C:\WINDOWS\SYSTEM32\DBGHELP.DLL
0x00007ff9023e0000 - 0x00007ff90240c000 	C:\WINDOWS\SYSTEM32\dbgcore.DLL
0x00007ff91e240000 - 0x00007ff91e2c2000 	C:\WINDOWS\System32\bcryptPrimitives.dll
0x00007ff916e30000 - 0x00007ff916e58000 	C:\Program Files\Java\jdk-11.0.8\bin\java.dll
0x00007ff918280000 - 0x00007ff91828a000 	C:\Program Files\Java\jdk-11.0.8\bin\jimage.dll
0x00007ff916e10000 - 0x00007ff916e26000 	C:\Program Files\Java\jdk-11.0.8\bin\zip.dll

dbghelp: loaded successfully - version: 4.0.5 - missing functions: none
symbol engine: initialized successfully - sym options: 0x614 - pdb path: .;C:\Program Files\Java\jdk-11.0.8\bin;C:\WINDOWS\SYSTEM32;C:\WINDOWS\WinSxS\amd64_microsoft.windows.common-controls_6595b64144ccf1df_6.0.19041.1110_none_60b5254171f9507e;C:\Program Files\Java\jdk-11.0.8\bin\server

VM Arguments:
java_command: Fat32System
java_class_path (initial): C:\Users\asher\AppData\Roaming\Code\User\workspaceStorage\464c3553c538fba7de79aa185594ebe3\redhat.java\jdt_ws\Assignment3_a93975ec\bin
Launcher Type: SUN_STANDARD

[Global flags]
     intx CICompilerCount                          = 4                                         {product} {ergonomic}
     uint ConcGCThreads                            = 2                                         {product} {ergonomic}
     uint G1ConcRefinementThreads                  = 8                                         {product} {ergonomic}
   size_t G1HeapRegionSize                         = 1048576                                   {product} {ergonomic}
    uintx GCDrainStackTargetSize                   = 64                                        {product} {ergonomic}
   size_t InitialHeapSize                          = 268435456                                 {product} {ergonomic}
   size_t MarkStackSize                            = 4194304                                   {product} {ergonomic}
   size_t MaxHeapSize                              = 4263510016                                {product} {ergonomic}
   size_t MinHeapDeltaBytes                        = 1048576                                   {product} {ergonomic}
    uintx NonNMethodCodeHeapSize                   = 5836300                                {pd product} {ergonomic}
    uintx NonProfiledCodeHeapSize                  = 122910970                              {pd product} {ergonomic}
    uintx ProfiledCodeHeapSize                     = 122910970                              {pd product} {ergonomic}
    uintx ReservedCodeCacheSize                    = 251658240                              {pd product} {ergonomic}
     bool SegmentedCodeCache                       = true                                      {product} {ergonomic}
     bool UseCompressedClassPointers               = true                                 {lp64_product} {ergonomic}
     bool UseCompressedOops                        = true                                 {lp64_product} {ergonomic}
     bool UseG1GC                                  = true                                      {product} {ergonomic}
     bool UseLargePagesIndividualAllocation        = false                                  {pd product} {ergonomic}

Logging:
Log output configuration:
 #0: stdout all=warning uptime,level,tags
 #1: stderr all=off uptime,level,tags

Environment Variables:
PATH=C:\Users\asher\AppData\Local\cloud-code\installer\google-cloud-sdk\bin;C:\Python310\Scripts\;C:\Python310\;C:\Program Files\Common Files\Oracle\Java\javapath;C:\Program Files (x86)\Common Files\Oracle\Java\javapath;C:\Program Files\apache-maven-3.6.3\bin;C:\Program Files (x86)\Intel\iCLS Client\;C:\Program Files\Intel\iCLS Client\;C:\Windows\system32;C:\Windows;C:\Windows\System32\Wbem;C:\Windows\System32\WindowsPowerShell\v1.0\;C:\Program Files (x86)\NVIDIA Corporation\PhysX\Common;C:\Program Files (x86)\Intel\Intel(R) Management Engine Components\DAL;C:\Program Files\Intel\Intel(R) Management Engine Components\DAL;C:\Program Files (x86)\Intel\Intel(R) Management Engine Components\IPT;C:\Program Files\Intel\Intel(R) Management Engine Components\IPT;C:\WINDOWS\system32;C:\WINDOWS;C:\WINDOWS\System32\Wbem;C:\WINDOWS\System32\WindowsPowerShell\v1.0\;C:\Program Files (x86)\OpenVPN\bin;C:\WINDOWS\System32\OpenSSH\;C:\Program Files\NVIDIA Corporation\NVIDIA NvDLISR;C:\Users\asher\OneDrive\Documents\Code;C:\Program Files\Java\jdk11.0.8_\bin;C:\WINDOWS\system32;C:\WINDOWS;C:\WINDOWS\System32\Wbem;C:\WINDOWS\System32\WindowsPowerShell\v1.0\;C:\WINDOWS\System32\OpenSSH\;C:\Program Files\Git\cmd;C:\ProgramData\chocolatey\bin;C:\Program Files\nodejs\;C:\Users\asher\AppData\Local\Microsoft\WindowsApps;C:\Program Files\Sublime Text 3;C:\Program Files\Java\jdk11.0.8_251\bin;;C:\Users\asher\AppData\Local\Programs\Microsoft VS Code\bin;C:\Users\asher\AppData\Roaming\npm
USERNAME=asher
OS=Windows_NT
PROCESSOR_IDENTIFIER=Intel64 Family 6 Model 158 Stepping 9, GenuineIntel



---------------  S Y S T E M  ---------------

OS: Windows 10 , 64 bit Build 19041 (10.0.19041.1706)
HyperV virtualization detected

CPU:total 8 (initial active 8) (4 cores per cpu, 2 threads per core) family 6 model 158 stepping 9, cmov, cx8, fxsr, mmx, sse, sse2, sse3, ssse3, sse4.1, sse4.2, popcnt, avx, avx2, aes, clmul, erms, 3dnowpref, lzcnt, ht, tsc, tscinvbit, bmi1, bmi2, adx, fma

Memory: 4k page, system-wide physical 16259M (726M free)
TotalPageFile size 19459M (AvailPageFile size 259M)
current process WorkingSet (physical memory assigned to process): 10M, peak: 10M
current process commit charge ("private bytes"): 60M, peak: 316M

vm_info: Java HotSpot(TM) 64-Bit Server VM (11.0.8+10-LTS) for windows-amd64 JRE (11.0.8+10-LTS), built on Jun 16 2020 05:53:08 by "mach5one" with unknown MS VC++:1916

END.
